2021-04-09 09:32:04 上午 [Thread: main][ Class:druid.sql.Connection >> Method: com.alibaba.druid.filter.logging.Log4jFilter.connectionLog(Log4jFilter.java:132) ]
DEBUG:{conn-10001} connected
2021-04-09 09:32:28 上午 [Thread: http-nio-8001-exec-8][ Class:druid.sql.Connection >> Method: com.alibaba.druid.filter.logging.Log4jFilter.connectionLog(Log4jFilter.java:132) ]
DEBUG:{conn-10001} pool-connect
2021-04-09 09:32:28 上午 [Thread: http-nio-8001-exec-8][ Class:druid.sql.Statement >> Method: com.alibaba.druid.filter.logging.Log4jFilter.statementLog(Log4jFilter.java:137) ]
DEBUG:{conn-10001, pstmt-20000} created. select
         
        id, name, nick_name, avatar, password, salt, email, mobile, status, dept_id, create_by,
        create_time, last_update_by, last_update_time, del_flag
     
        from sys_user
2021-04-09 09:32:28 上午 [Thread: http-nio-8001-exec-8][ Class:druid.sql.Statement >> Method: com.alibaba.druid.filter.logging.Log4jFilter.statementLog(Log4jFilter.java:137) ]
DEBUG:{conn-10001, pstmt-20000} Parameters : []
2021-04-09 09:32:28 上午 [Thread: http-nio-8001-exec-8][ Class:druid.sql.Statement >> Method: com.alibaba.druid.filter.logging.Log4jFilter.statementLog(Log4jFilter.java:137) ]
DEBUG:{conn-10001, pstmt-20000} Types : []
2021-04-09 09:32:28 上午 [Thread: http-nio-8001-exec-8][ Class:druid.sql.Statement >> Method: com.alibaba.druid.filter.logging.Log4jFilter.statementLog(Log4jFilter.java:137) ]
DEBUG:{conn-10001, pstmt-20000} executed. 12.6965 millis. select
         
        id, name, nick_name, avatar, password, salt, email, mobile, status, dept_id, create_by,
        create_time, last_update_by, last_update_time, del_flag
     
        from sys_user
2021-04-09 09:32:28 上午 [Thread: http-nio-8001-exec-8][ Class:druid.sql.ResultSet >> Method: com.alibaba.druid.filter.logging.Log4jFilter.resultSetLog(Log4jFilter.java:142) ]
DEBUG:{conn-10001, pstmt-20000, rs-50000} open
2021-04-09 09:32:28 上午 [Thread: http-nio-8001-exec-8][ Class:druid.sql.ResultSet >> Method: com.alibaba.druid.filter.logging.Log4jFilter.resultSetLog(Log4jFilter.java:142) ]
DEBUG:{conn-10001, pstmt-20000, rs-50000} Header: [id, name, nick_name, avatar, password, salt, email, mobile, status, dept_id, create_by, create_time, last_update_by, last_update_time, del_flag]
2021-04-09 09:32:28 上午 [Thread: http-nio-8001-exec-8][ Class:druid.sql.ResultSet >> Method: com.alibaba.druid.filter.logging.Log4jFilter.resultSetLog(Log4jFilter.java:142) ]
DEBUG:{conn-10001, pstmt-20000, rs-50000} Result: [1, admin, 超管, null, bd1718f058d8a02468134432b8656a86, YzcmCZNvbXocrsz9dm8e, admin@qq.com, 13612345678, 1, 4, admin, 2018-08-14 11:11:11.0, admin, 2018-08-14 11:11:11.0, 0]
2021-04-09 09:32:28 上午 [Thread: http-nio-8001-exec-8][ Class:druid.sql.ResultSet >> Method: com.alibaba.druid.filter.logging.Log4jFilter.resultSetLog(Log4jFilter.java:142) ]
DEBUG:{conn-10001, pstmt-20000, rs-50000} Result: [22, liubei, 刘备, null, fd80ebd493a655608dc893a9f897d845, YzcmCZNvbXocrsz9dm8e, test@qq.com, 13889700023, 1, 7, admin, 2018-09-23 19:43:00.0, admin, 2019-01-10 11:41:13.0, 0]
2021-04-09 09:32:28 上午 [Thread: http-nio-8001-exec-8][ Class:druid.sql.ResultSet >> Method: com.alibaba.druid.filter.logging.Log4jFilter.resultSetLog(Log4jFilter.java:142) ]
DEBUG:{conn-10001, pstmt-20000, rs-50000} Result: [23, zhaoyun, 赵云, null, fd80ebd493a655608dc893a9f897d845, YzcmCZNvbXocrsz9dm8e, test@qq.com, 13889700023, 1, 7, admin, 2018-09-23 19:43:44.0, admin, 2018-09-23 19:43:52.0, 0]
2021-04-09 09:32:28 上午 [Thread: http-nio-8001-exec-8][ Class:druid.sql.ResultSet >> Method: com.alibaba.druid.filter.logging.Log4jFilter.resultSetLog(Log4jFilter.java:142) ]
DEBUG:{conn-10001, pstmt-20000, rs-50000} Result: [24, zhugeliang, 诸葛亮, null, fd80ebd493a655608dc893a9f897d845, YzcmCZNvbXocrsz9dm8e, test@qq.com, 13889700023, 7, 11, admin, 2018-09-23 19:44:23.0, admin, 2018-09-23 19:44:29.0, 0]
2021-04-09 09:32:28 上午 [Thread: http-nio-8001-exec-8][ Class:druid.sql.ResultSet >> Method: com.alibaba.druid.filter.logging.Log4jFilter.resultSetLog(Log4jFilter.java:142) ]
DEBUG:{conn-10001, pstmt-20000, rs-50000} Result: [25, caocao, 曹操, null, fd80ebd493a655608dc893a9f897d845, YzcmCZNvbXocrsz9dm8e, test@qq.com, 13889700023, 1, 8, admin, 2018-09-23 19:45:32.0, admin, 2019-01-10 17:59:14.0, 0]
2021-04-09 09:32:28 上午 [Thread: http-nio-8001-exec-8][ Class:druid.sql.ResultSet >> Method: com.alibaba.druid.filter.logging.Log4jFilter.resultSetLog(Log4jFilter.java:142) ]
DEBUG:{conn-10001, pstmt-20000, rs-50000} Result: [26, dianwei, 典韦, null, fd80ebd493a655608dc893a9f897d845, YzcmCZNvbXocrsz9dm8e, test@qq.com, 13889700023, 1, 10, admin, 2018-09-23 19:45:48.0, admin, 2018-09-23 19:45:57.0, 0]
2021-04-09 09:32:28 上午 [Thread: http-nio-8001-exec-8][ Class:druid.sql.ResultSet >> Method: com.alibaba.druid.filter.logging.Log4jFilter.resultSetLog(Log4jFilter.java:142) ]
DEBUG:{conn-10001, pstmt-20000, rs-50000} Result: [27, xiahoudun, 夏侯惇, null, fd80ebd493a655608dc893a9f897d845, YzcmCZNvbXocrsz9dm8e, test@qq.com, 13889700023, 1, 8, admin, 2018-09-23 19:46:09.0, admin, 2018-09-23 19:46:17.0, 0]
2021-04-09 09:32:28 上午 [Thread: http-nio-8001-exec-8][ Class:druid.sql.ResultSet >> Method: com.alibaba.druid.filter.logging.Log4jFilter.resultSetLog(Log4jFilter.java:142) ]
DEBUG:{conn-10001, pstmt-20000, rs-50000} Result: [28, xunyu, 荀彧, null, fd80ebd493a655608dc893a9f897d845, YzcmCZNvbXocrsz9dm8e, test@qq.com, 13889700023, 1, 10, admin, 2018-09-23 19:46:38.0, admin, 2018-11-04 15:33:17.0, 0]
2021-04-09 09:32:28 上午 [Thread: http-nio-8001-exec-8][ Class:druid.sql.ResultSet >> Method: com.alibaba.druid.filter.logging.Log4jFilter.resultSetLog(Log4jFilter.java:142) ]
DEBUG:{conn-10001, pstmt-20000, rs-50000} Result: [29, sunquan, 孙权, null, fd80ebd493a655608dc893a9f897d845, YzcmCZNvbXocrsz9dm8e, test@qq.com, 13889700023, 1, 10, admin, 2018-09-23 19:46:54.0, admin, 2018-09-23 19:47:03.0, 0]
2021-04-09 09:32:28 上午 [Thread: http-nio-8001-exec-8][ Class:druid.sql.ResultSet >> Method: com.alibaba.druid.filter.logging.Log4jFilter.resultSetLog(Log4jFilter.java:142) ]
DEBUG:{conn-10001, pstmt-20000, rs-50000} Result: [30, zhouyu, 周瑜, null, fd80ebd493a655608dc893a9f897d845, YzcmCZNvbXocrsz9dm8e, test@qq.com, 13889700023, 1, 11, admin, 2018-09-23 19:47:28.0, admin, 2018-09-23 19:48:04.0, 0]
2021-04-09 09:32:28 上午 [Thread: http-nio-8001-exec-8][ Class:druid.sql.ResultSet >> Method: com.alibaba.druid.filter.logging.Log4jFilter.resultSetLog(Log4jFilter.java:142) ]
DEBUG:{conn-10001, pstmt-20000, rs-50000} Result: [31, luxun, 陆逊, null, fd80ebd493a655608dc893a9f897d845, YzcmCZNvbXocrsz9dm8e, test@qq.com, 13889700023, 1, 11, admin, 2018-09-23 19:47:44.0, admin, 2018-09-23 19:47:58.0, 0]
2021-04-09 09:32:28 上午 [Thread: http-nio-8001-exec-8][ Class:druid.sql.ResultSet >> Method: com.alibaba.druid.filter.logging.Log4jFilter.resultSetLog(Log4jFilter.java:142) ]
DEBUG:{conn-10001, pstmt-20000, rs-50000} Result: [32, huanggai, 黄盖, null, fd80ebd493a655608dc893a9f897d845, YzcmCZNvbXocrsz9dm8e, test@qq.com, 13889700023, 1, 11, admin, 2018-09-23 19:48:38.0, admin, 2018-09-23 19:49:02.0, 0]
2021-04-09 09:32:28 上午 [Thread: http-nio-8001-exec-8][ Class:druid.sql.ResultSet >> Method: com.alibaba.druid.filter.logging.Log4jFilter.resultSetLog(Log4jFilter.java:142) ]
DEBUG:{conn-10001, pstmt-20000, rs-50000} closed
2021-04-09 09:32:28 上午 [Thread: http-nio-8001-exec-8][ Class:druid.sql.Statement >> Method: com.alibaba.druid.filter.logging.Log4jFilter.statementLog(Log4jFilter.java:137) ]
DEBUG:{conn-10001, pstmt-20000} clearParameters. 
2021-04-09 09:32:29 上午 [Thread: http-nio-8001-exec-8][ Class:druid.sql.Connection >> Method: com.alibaba.druid.filter.logging.Log4jFilter.connectionLog(Log4jFilter.java:132) ]
DEBUG:{conn-10001} pool-recycle
